19:51:06 **** Incremental Build of configuration Debug for project project4 ****
make all 
Building file: ../app.c
Invoking: AVR Compiler
avr-gcc -Wall -g2 -gstabs -O0 -fpack-struct -fshort-enums -ffunction-sections -fdata-sections -std=gnu99 -funsigned-char -funsigned-bitfields -mmcu=atmega16 -DF_CPU=1000000UL -MMD -MP -MF"app.d" -MT"app.o" -c -o "app.o" "../app.c"
In file included from ../app.c:13:
c:/winavr-20100110/lib/gcc/../../avr/include/util/delay.h:90:3: warning: #warning "Compiler optimizations disabled; functions from <util/delay.h> won't work as designed"
Finished building: ../app.c
 
Building file: ../ultrasonic.c
Invoking: AVR Compiler
avr-gcc -Wall -g2 -gstabs -O0 -fpack-struct -fshort-enums -ffunction-sections -fdata-sections -std=gnu99 -funsigned-char -funsigned-bitfields -mmcu=atmega16 -DF_CPU=1000000UL -MMD -MP -MF"ultrasonic.d" -MT"ultrasonic.o" -c -o "ultrasonic.o" "../ultrasonic.c"
In file included from ../ultrasonic.c:13:
c:/winavr-20100110/lib/gcc/../../avr/include/util/delay.h:90:3: warning: #warning "Compiler optimizations disabled; functions from <util/delay.h> won't work as designed"
Finished building: ../ultrasonic.c
 
Building target: project4.elf
Invoking: AVR C Linker
avr-gcc -Wl,-Map,project4.map -mmcu=atmega16 -o "project4.elf"  ./app.o ./gpio.o ./icu.o ./lcd.o ./ultrasonic.o   
Finished building target: project4.elf
 
Invoking: AVR Create Extended Listing
avr-objdump -h -S project4.elf  >"project4.lss"
Finished building: project4.lss
 
Invoking: Print Size
avr-size --format=avr --mcu=atmega16 project4.elf
AVR Memory Usage
----------------
Device: atmega16

Program:    9636 bytes (58.8% Full)
(.text + .data + .bootloader)

Data:        286 bytes (27.9% Full)
(.data + .bss + .noinit)


Finished building: sizedummy
 

19:51:11 Build Finished. 0 errors, 2 warnings. (took 4s.241ms)

